2020-05-21 10:30:38[ DEBUG ]Using SLF4J as the default logging framework
2020-05-21 10:30:38[ DEBUG ]Platform: Windows
2020-05-21 10:30:38[ DEBUG ]-Dio.netty.noUnsafe: false
2020-05-21 10:30:38[ DEBUG ]Java version: 8
2020-05-21 10:30:38[ DEBUG ]sun.misc.Unsafe.theUnsafe: available
2020-05-21 10:30:38[ DEBUG ]sun.misc.Unsafe.copyMemory: available
2020-05-21 10:30:38[ DEBUG ]java.nio.Buffer.address: available
2020-05-21 10:30:38[ DEBUG ]direct buffer constructor: available
2020-05-21 10:30:38[ DEBUG ]java.nio.Bits.unaligned: available, true
2020-05-21 10:30:38[ DEBUG ]jdk.internal.misc.Unsafe.allocateUninitializedArray(int): unavailable prior to Java9
2020-05-21 10:30:38[ DEBUG ]java.nio.DirectByteBuffer.<init>(long, int): available
2020-05-21 10:30:38[ DEBUG ]sun.misc.Unsafe: available
2020-05-21 10:30:38[ DEBUG ]-Dio.netty.tmpdir: C:\Users\86181\AppData\Local\Temp (java.io.tmpdir)
2020-05-21 10:30:38[ DEBUG ]-Dio.netty.bitMode: 64 (sun.arch.data.model)
2020-05-21 10:30:38[ DEBUG ]-Dio.netty.maxDirectMemory: 3790077952 bytes
2020-05-21 10:30:38[ DEBUG ]-Dio.netty.uninitializedArrayAllocationThreshold: -1
2020-05-21 10:30:38[ DEBUG ]java.nio.ByteBuffer.cleaner(): available
2020-05-21 10:30:38[ DEBUG ]-Dio.netty.noPreferDirect: false
2020-05-21 10:30:40[ DEBUG ]-Dio.netty.leakDetection.level: simple
2020-05-21 10:30:40[ DEBUG ]-Dio.netty.leakDetection.targetRecords: 4
2020-05-21 10:30:40[ DEBUG ]-Dio.netty.buffer.checkAccessible: true
2020-05-21 10:30:40[ DEBUG ]-Dio.netty.buffer.checkBounds: true
2020-05-21 10:30:40[ DEBUG ]Loaded default ResourceLeakDetector: io.netty.util.ResourceLeakDetector@2eafffde
2020-05-21 10:30:40[ DEBUG ]-Dio.netty.threadLocalMap.stringBuilder.initialSize: 1024
2020-05-21 10:30:40[ DEBUG ]-Dio.netty.threadLocalMap.stringBuilder.maxSize: 4096
2020-05-21 10:30:40[ DEBUG ]-Dio.netty.allocator.numHeapArenas: 24
2020-05-21 10:30:40[ DEBUG ]-Dio.netty.allocator.numDirectArenas: 24
2020-05-21 10:30:40[ DEBUG ]-Dio.netty.allocator.pageSize: 8192
2020-05-21 10:30:40[ DEBUG ]-Dio.netty.allocator.maxOrder: 11
2020-05-21 10:30:40[ DEBUG ]-Dio.netty.allocator.chunkSize: 16777216
2020-05-21 10:30:40[ DEBUG ]-Dio.netty.allocator.tinyCacheSize: 512
2020-05-21 10:30:40[ DEBUG ]-Dio.netty.allocator.smallCacheSize: 256
2020-05-21 10:30:40[ DEBUG ]-Dio.netty.allocator.normalCacheSize: 64
2020-05-21 10:30:40[ DEBUG ]-Dio.netty.allocator.maxCachedBufferCapacity: 32768
2020-05-21 10:30:40[ DEBUG ]-Dio.netty.allocator.cacheTrimInterval: 8192
2020-05-21 10:30:40[ DEBUG ]-Dio.netty.allocator.cacheTrimIntervalMillis: 0
2020-05-21 10:30:40[ DEBUG ]-Dio.netty.allocator.useCacheForAllThreads: true
2020-05-21 10:30:40[ DEBUG ]-Dio.netty.allocator.maxCachedByteBuffersPerChunk: 1023
2020-05-21 10:30:40[ DEBUG ]-Dio.netty.allocator.type: pooled
2020-05-21 10:30:40[ DEBUG ]-Dio.netty.threadLocalDirectBufferSize: 0
2020-05-21 10:30:40[ DEBUG ]-Dio.netty.maxThreadLocalCharBufferSize: 16384
2020-05-21 10:30:40[ DEBUG ]netty-tcnative not in the classpath; OpenSslEngine will be unavailable.
2020-05-21 10:30:40[ DEBUG ]Default protocols (JDK): [TLSv1.2, TLSv1.1, TLSv1] 
2020-05-21 10:30:40[ DEBUG ]Default cipher suites (JDK): [TLS_ECDHE_ECDSA_WITH_AES_256_GCM_SHA384, TLS_ECDHE_ECDSA_WITH_AES_128_GCM_SHA256, TLS_ECDHE_RSA_WITH_AES_128_GCM_SHA256, TLS_ECDHE_RSA_WITH_AES_256_GCM_SHA384, TLS_ECDHE_RSA_WITH_AES_128_CBC_SHA, TLS_ECDHE_RSA_WITH_AES_256_CBC_SHA, TLS_RSA_WITH_AES_128_GCM_SHA256, TLS_RSA_WITH_AES_128_CBC_SHA, TLS_RSA_WITH_AES_256_CBC_SHA]
2020-05-21 10:30:40[ DEBUG ]-Dio.netty.eventLoopThreads: 24
2020-05-21 10:30:40[ DEBUG ]-Dio.netty.noKeySetOptimization: false
2020-05-21 10:30:40[ DEBUG ]-Dio.netty.selectorAutoRebuildThreshold: 512
2020-05-21 10:30:40[ DEBUG ]org.jctools-core.MpscChunkedArrayQueue: available
2020-05-21 10:30:41[ DEBUG ]-Dio.netty.processId: 2024 (auto-detected)
2020-05-21 10:30:41[ DEBUG ]-Djava.net.preferIPv4Stack: false
2020-05-21 10:30:41[ DEBUG ]-Djava.net.preferIPv6Addresses: false
2020-05-21 10:30:41[ DEBUG ]Loopback interface: lo (Software Loopback Interface 1, 127.0.0.1)
2020-05-21 10:30:41[ DEBUG ]Failed to get SOMAXCONN from sysctl and file \proc\sys\net\core\somaxconn. Default: 200
2020-05-21 10:30:42[ DEBUG ]-Dio.netty.machineId: 90:78:41:ff:fe:44:0d:d1 (auto-detected)
2020-05-21 10:30:42[ INFO ]newThread()_boss
2020-05-21 10:30:42[ INFO ][id: 0x48ce562f] REGISTERED
2020-05-21 10:30:42[ INFO ][id: 0x48ce562f] BIND: 0.0.0.0/0.0.0.0:22000
2020-05-21 10:30:42[ INFO ][id: 0x48ce562f, L:/0:0:0:0:0:0:0:0:22000] ACTIVE
2020-05-21 11:37:03[ INFO ][id: 0x48ce562f, L:/0:0:0:0:0:0:0:0:22000] READ: [id: 0xf7cb7643, L:/192.168.1.174:22000 - R:/192.168.1.174:55006]
2020-05-21 11:37:03[ INFO ]newThread()_worker
2020-05-21 11:37:03[ INFO ][id: 0x48ce562f, L:/0:0:0:0:0:0:0:0:22000] READ COMPLETE
2020-05-21 11:37:04[ DEBUG ]-Dio.netty.recycler.maxCapacityPerThread: 4096
2020-05-21 11:37:04[ DEBUG ]-Dio.netty.recycler.maxSharedCapacityFactor: 2
2020-05-21 11:37:04[ DEBUG ]-Dio.netty.recycler.linkCapacity: 16
2020-05-21 11:37:04[ DEBUG ]-Dio.netty.recycler.ratio: 8
2020-05-21 11:37:04[ INFO ]address:/192.168.1.174:55006
2020-05-21 11:37:04[ INFO ]70b77f35-8133-4c0f-b271-c339559a1ced
2020-05-21 11:37:04[ INFO ]收到数据Thu May 21 11:37:04 CST 202013
2020-05-21 11:37:04[ INFO ]zkCLient create()
2020-05-21 11:37:04[ DEBUG ]Discarded inbound message pub/70b77f35-8133-4c0f-b271-c339559a1ced/qwe that reached at the tail of the pipeline. Please check your pipeline configuration.
2020-05-21 11:37:04[ DEBUG ]Discarded message pipeline : [DelimiterBasedFrameDecoder#0, StringDecoder#0, StringEncoder#0, DefaultChannelPipeline$TailContext#0]. Channel : [id: 0xf7cb7643, L:/192.168.1.174:22000 - R:/192.168.1.174:55006].
2020-05-21 11:37:04[ DEBUG ]Creating new ZookKeeper instance to connect to 127.0.0.1:2181.
2020-05-21 11:37:04[ INFO ]Starting ZkClient event thread.
2020-05-21 11:37:04[ INFO ]Client environment:zookeeper.version=3.4.13-2d71af4dbe22557fda74f9a9b4309b15a7487f03, built on 06/29/2018 00:39 GMT
2020-05-21 11:37:04[ INFO ]Client environment:host.name=LAPTOP-9FQT8FOG.mshome.net
2020-05-21 11:37:04[ INFO ]Client environment:java.version=1.8.0_211
2020-05-21 11:37:04[ INFO ]Client environment:java.vendor=Oracle Corporation
2020-05-21 11:37:04[ INFO ]Client environment:java.home=C:\Program Files\Java\jdk1.8.0_211\jre
2020-05-21 11:37:04[ INFO ]Client environment:java.class.path=C:\Program Files\Java\jdk1.8.0_211\jre\lib\charsets.jar;C:\Program Files\Java\jdk1.8.0_211\jre\lib\deploy.jar;C:\Program Files\Java\jdk1.8.0_211\jre\lib\ext\access-bridge-64.jar;C:\Program Files\Java\jdk1.8.0_211\jre\lib\ext\cldrdata.jar;C:\Program Files\Java\jdk1.8.0_211\jre\lib\ext\dnsns.jar;C:\Program Files\Java\jdk1.8.0_211\jre\lib\ext\jaccess.jar;C:\Program Files\Java\jdk1.8.0_211\jre\lib\ext\jfxrt.jar;C:\Program Files\Java\jdk1.8.0_211\jre\lib\ext\localedata.jar;C:\Program Files\Java\jdk1.8.0_211\jre\lib\ext\nashorn.jar;C:\Program Files\Java\jdk1.8.0_211\jre\lib\ext\sunec.jar;C:\Program Files\Java\jdk1.8.0_211\jre\lib\ext\sunjce_provider.jar;C:\Program Files\Java\jdk1.8.0_211\jre\lib\ext\sunmscapi.jar;C:\Program Files\Java\jdk1.8.0_211\jre\lib\ext\sunpkcs11.jar;C:\Program Files\Java\jdk1.8.0_211\jre\lib\ext\zipfs.jar;C:\Program Files\Java\jdk1.8.0_211\jre\lib\javaws.jar;C:\Program Files\Java\jdk1.8.0_211\jre\lib\jce.jar;C:\Program Files\Java\jdk1.8.0_211\jre\lib\jfr.jar;C:\Program Files\Java\jdk1.8.0_211\jre\lib\jfxswt.jar;C:\Program Files\Java\jdk1.8.0_211\jre\lib\jsse.jar;C:\Program Files\Java\jdk1.8.0_211\jre\lib\management-agent.jar;C:\Program Files\Java\jdk1.8.0_211\jre\lib\plugin.jar;C:\Program Files\Java\jdk1.8.0_211\jre\lib\resources.jar;C:\Program Files\Java\jdk1.8.0_211\jre\lib\rt.jar;D:\lhc\other\server\service\device-service\device-service-netty\target\classes;C:\Users\86181\.m2\repository\io\netty\netty-all\4.1.49.Final\netty-all-4.1.49.Final.jar;C:\Users\86181\.m2\repository\org\apache\commons\commons-pool2\2.8.0\commons-pool2-2.8.0.jar;C:\Users\86181\.m2\repository\com\101tec\zkclient\0.11\zkclient-0.11.jar;C:\Users\86181\.m2\repository\org\apache\zookeeper\zookeeper\3.4.13\zookeeper-3.4.13.jar;C:\Users\86181\.m2\repository\jline\jline\0.9.94\jline-0.9.94.jar;C:\Users\86181\.m2\repository\org\apache\yetus\audience-annotations\0.5.0\audience-annotations-0.5.0.jar;C:\Users\86181\.m2\repository\io\netty\netty\3.10.6.Final\netty-3.10.6.Final.jar;C:\Users\86181\.m2\repository\com\rabbitmq\amqp-client\5.9.0\amqp-client-5.9.0.jar;C:\Users\86181\.m2\repository\log4j\log4j\1.2.17\log4j-1.2.17.jar;C:\Users\86181\.m2\repository\org\slf4j\slf4j-api\1.7.30\slf4j-api-1.7.30.jar;C:\Users\86181\.m2\repository\org\slf4j\slf4j-log4j12\1.7.25\slf4j-log4j12-1.7.25.jar;C:\Program Files\JetBrains\IntelliJ IDEA 2020.1\lib\idea_rt.jar
2020-05-21 11:37:04[ INFO ]Client environment:java.library.path=C:\Program Files\Java\jdk1.8.0_211\bin;C:\WINDOWS\Sun\Java\bin;C:\WINDOWS\system32;C:\WINDOWS;C:\Windows;C:\Windows\System32\Wbem;C:\Windows\System32\WindowsPowerShell\v1.0\;C:\Windows\System32\OpenSSH\;C:\Program Files (x86)\NVIDIA Corporation\PhysX\Common;C:\Program Files\NVIDIA Corporation\NVIDIA NGX;C:\Program Files\NVIDIA Corporation\NVIDIA NvDLISR;C:\sqlite\sqlite-tools-win32-x86-3300000;C:\Program Files\TortoiseGit\bin;C:\Program Files\Git\cmd;D:\Program Files (x86)\IVI Foundation\VISA\WinNT\Bin\;C:\Program Files\IVI Foundation\VISA\Win64\Bin\;D:\Program Files (x86)\IVI Foundation\VISA\WinNT\Bin;C:\Program Files (x86)\Microsoft SQL Server\100\Tools\Binn\;C:\Program Files\Microsoft SQL Server\100\Tools\Binn\;C:\Program Files\Microsoft SQL Server\100\DTS\Binn\;C:\WINDOWS\system32;C:\WINDOWS;C:\WINDOWS\System32\Wbem;C:\WINDOWS\System32\WindowsPowerShell\v1.0\;C:\WINDOWS\System32\OpenSSH\;C:\Strawberry\c\bin;C:\Strawberry\perl\site\bin;C:\Strawberry\perl\bin;C:\Program Files\Docker\Docker\resources\bin;C:\ProgramData\DockerDesktop\version-bin;C:\Program Files\Java\jdk1.8.0_211\bin;C:\Go\bin;C:\Users\86181\AppData\Local\Programs\Python\Python38\Scripts\;C:\Users\86181\AppData\Local\Programs\Python\Python38\;C:\Users\86181\AppData\Local\Microsoft\WindowsApps;D:\软件\Microsoft VS Code\bin;C:\Program Files\JetBrains\PyCharm 2020.1\bin;;C:\Program Files\JetBrains\IntelliJ IDEA 2020.1\bin;;C:\Users\86181\AppData\Local\Programs\Python;C:\Program Files\JetBrains\CLion 2020.1\bin;;D:\lhc\software\mingw64\bin;C:\Program Files\JetBrains\GoLand 2020.1.2\bin;;C:\Users\86181\go\bin;D:\lhc\other\maven\apache-maven-3.6.3\bin;;.
2020-05-21 11:37:04[ INFO ]Client environment:java.io.tmpdir=C:\Users\86181\AppData\Local\Temp\
2020-05-21 11:37:04[ INFO ]Client environment:java.compiler=<NA>
2020-05-21 11:37:04[ INFO ]Client environment:os.name=Windows 10
2020-05-21 11:37:04[ INFO ]Client environment:os.arch=amd64
2020-05-21 11:37:04[ INFO ]Client environment:os.version=10.0
2020-05-21 11:37:04[ INFO ]Client environment:user.name=lsxs
2020-05-21 11:37:04[ INFO ]Client environment:user.home=C:\Users\86181
2020-05-21 11:37:04[ INFO ]Client environment:user.dir=D:\lhc\other\server
2020-05-21 11:37:04[ INFO ]Initiating client connection, connectString=127.0.0.1:2181 sessionTimeout=30000 watcher=org.I0Itec.zkclient.ZkClient@7e466f3c
2020-05-21 11:37:04[ DEBUG ]zookeeper.disableAutoWatchReset is false
2020-05-21 11:37:04[ DEBUG ]Awaiting connection to Zookeeper server
2020-05-21 11:37:04[ INFO ]Waiting for keeper state SyncConnected
2020-05-21 11:37:04[ INFO ]Opening socket connection to server kubernetes.docker.internal/127.0.0.1:2181. Will not attempt to authenticate using SASL (unknown error)
2020-05-21 11:37:04[ INFO ]Socket connection established to kubernetes.docker.internal/127.0.0.1:2181, initiating session
2020-05-21 11:37:04[ DEBUG ]Session establishment request sent on kubernetes.docker.internal/127.0.0.1:2181
2020-05-21 11:37:04[ INFO ]Session establishment complete on server kubernetes.docker.internal/127.0.0.1:2181, sessionid = 0x10000007c4c0000, negotiated timeout = 30000
2020-05-21 11:37:04[ DEBUG ]Received event: WatchedEvent state:SyncConnected type:None path:null
2020-05-21 11:37:04[ INFO ]zookeeper state changed (SyncConnected)
2020-05-21 11:37:04[ DEBUG ]Leaving process event
2020-05-21 11:37:04[ DEBUG ]State is SyncConnected
2020-05-21 11:37:04[ INFO ]zk read start
2020-05-21 11:37:04[ DEBUG ]Reading reply sessionid:0x10000007c4c0000, packet:: clientPath:null serverPath:null finished:false header:: 1,4  replyHeader:: 1,110,0  request:: '/auth/device/70b77f35-8133-4c0f-b271-c339559a1ced,F  response:: #6e756c6c,s{90,91,1589790885158,1589790891741,1,0,0,0,4,0,90} 
2020-05-21 11:37:04[ INFO ]zk read ok
2020-05-21 11:37:04[ INFO ]null
2020-05-21 11:37:04[ INFO ]null ssl device 
2020-05-21 11:37:04[ INFO ]runnable ... ctx = ChannelHandlerContext(NettyServerHandler#0, [id: 0xf7cb7643, L:/192.168.1.174:22000 - R:/192.168.1.174:55006]) msg = 70b77f35-8133-4c0f-b271-c339559a1ced
2020-05-21 11:37:05[ INFO ]address:/192.168.1.174:55006
2020-05-21 11:37:05[ INFO ]NettyServerBusinessHandler
2020-05-21 11:37:05[ INFO ]new netty Server handler  msg = 70b77f35-8133-4c0f-b271-c339559a1ced
2020-05-21 11:37:05[ INFO ]address:/192.168.1.174:55006
2020-05-21 11:37:05[ INFO ]NettyServerBusinessHandler
2020-05-21 11:37:05[ INFO ]new netty Server handler  msg = pub/70b77f35-8133-4c0f-b271-c339559a1ced/qwe
2020-05-21 11:37:05[ INFO ]send data to amqp -> rabbitmq   with null ssl
2020-05-21 11:37:05[ INFO ]address:/192.168.1.174:55006
2020-05-21 11:37:05[ INFO ]NettyServerBusinessHandler
2020-05-21 11:37:05[ INFO ]new netty Server handler  msg = 70b77f35-8133-4c0f-b271-c339559a1ced
2020-05-21 11:37:05[ INFO ]address:/192.168.1.174:55006
2020-05-21 11:37:05[ INFO ]NettyServerBusinessHandler
2020-05-21 11:37:05[ INFO ]new netty Server handler  msg = pub/70b77f35-8133-4c0f-b271-c339559a1ced/qwe
2020-05-21 11:37:05[ INFO ]send data to amqp -> rabbitmq   with null ssl
2020-05-21 11:37:05[ INFO ]address:/192.168.1.174:55006
2020-05-21 11:37:05[ INFO ]NettyServerBusinessHandler
2020-05-21 11:37:05[ INFO ]new netty Server handler  msg = 70b77f35-8133-4c0f-b271-c339559a1ced
2020-05-21 11:37:05[ INFO ]address:/192.168.1.174:55006
2020-05-21 11:37:05[ INFO ]NettyServerBusinessHandler
2020-05-21 11:37:05[ INFO ]new netty Server handler  msg = pub/70b77f35-8133-4c0f-b271-c339559a1ced/qwe
2020-05-21 11:37:05[ INFO ]send data to amqp -> rabbitmq   with null ssl
2020-05-21 11:37:06[ INFO ]address:/192.168.1.174:55006
2020-05-21 11:37:06[ INFO ]NettyServerBusinessHandler
2020-05-21 11:37:06[ INFO ]new netty Server handler  msg = 70b77f35-8133-4c0f-b271-c339559a1ced
2020-05-21 11:37:06[ INFO ]address:/192.168.1.174:55006
2020-05-21 11:37:06[ INFO ]NettyServerBusinessHandler
2020-05-21 11:37:06[ INFO ]new netty Server handler  msg = pub/70b77f35-8133-4c0f-b271-c339559a1ced/qwe
2020-05-21 11:37:06[ INFO ]send data to amqp -> rabbitmq   with null ssl
2020-05-21 11:37:06[ INFO ]address:/192.168.1.174:55006
2020-05-21 11:37:06[ INFO ]NettyServerBusinessHandler
2020-05-21 11:37:06[ INFO ]new netty Server handler  msg = 70b77f35-8133-4c0f-b271-c339559a1ced
2020-05-21 11:37:06[ INFO ]address:/192.168.1.174:55006
2020-05-21 11:37:06[ INFO ]NettyServerBusinessHandler
2020-05-21 11:37:06[ INFO ]new netty Server handler  msg = pub/70b77f35-8133-4c0f-b271-c339559a1ced/qwe
2020-05-21 11:37:06[ INFO ]send data to amqp -> rabbitmq   with null ssl
2020-05-21 11:37:06[ INFO ]address:/192.168.1.174:55006
2020-05-21 11:37:06[ INFO ]NettyServerBusinessHandler
2020-05-21 11:37:06[ INFO ]new netty Server handler  msg = 70b77f35-8133-4c0f-b271-c339559a1ced
2020-05-21 11:37:06[ INFO ]address:/192.168.1.174:55006
2020-05-21 11:37:06[ INFO ]NettyServerBusinessHandler
2020-05-21 11:37:06[ INFO ]new netty Server handler  msg = pub/70b77f35-8133-4c0f-b271-c339559a1ced/qwe
2020-05-21 11:37:06[ INFO ]send data to amqp -> rabbitmq   with null ssl
2020-05-21 11:37:06[ INFO ]address:/192.168.1.174:55006
2020-05-21 11:37:06[ INFO ]NettyServerBusinessHandler
2020-05-21 11:37:06[ INFO ]new netty Server handler  msg = 70b77f35-8133-4c0f-b271-c339559a1ced
2020-05-21 11:37:06[ INFO ]address:/192.168.1.174:55006
2020-05-21 11:37:06[ INFO ]NettyServerBusinessHandler
2020-05-21 11:37:06[ INFO ]new netty Server handler  msg = pub/70b77f35-8133-4c0f-b271-c339559a1ced/qwe
2020-05-21 11:37:06[ INFO ]send data to amqp -> rabbitmq   with null ssl
2020-05-21 11:37:06[ INFO ]address:/192.168.1.174:55006
2020-05-21 11:37:06[ INFO ]NettyServerBusinessHandler
2020-05-21 11:37:06[ INFO ]new netty Server handler  msg = 70b77f35-8133-4c0f-b271-c339559a1ced
2020-05-21 11:37:06[ INFO ]address:/192.168.1.174:55006
2020-05-21 11:37:06[ INFO ]NettyServerBusinessHandler
2020-05-21 11:37:06[ INFO ]new netty Server handler  msg = pub/70b77f35-8133-4c0f-b271-c339559a1ced/qwe
2020-05-21 11:37:06[ INFO ]send data to amqp -> rabbitmq   with null ssl
2020-05-21 11:37:06[ INFO ]address:/192.168.1.174:55006
2020-05-21 11:37:06[ INFO ]NettyServerBusinessHandler
2020-05-21 11:37:06[ INFO ]new netty Server handler  msg = 70b77f35-8133-4c0f-b271-c339559a1ced
2020-05-21 11:37:06[ INFO ]address:/192.168.1.174:55006
2020-05-21 11:37:06[ INFO ]NettyServerBusinessHandler
2020-05-21 11:37:06[ INFO ]new netty Server handler  msg = pub/70b77f35-8133-4c0f-b271-c339559a1ced/qwe
2020-05-21 11:37:06[ INFO ]send data to amqp -> rabbitmq   with null ssl
2020-05-21 11:37:07[ INFO ]address:/192.168.1.174:55006
2020-05-21 11:37:07[ INFO ]NettyServerBusinessHandler
2020-05-21 11:37:07[ INFO ]new netty Server handler  msg = 70b77f35-8133-4c0f-b271-c339559a1ced
2020-05-21 11:37:07[ INFO ]address:/192.168.1.174:55006
2020-05-21 11:37:07[ INFO ]NettyServerBusinessHandler
2020-05-21 11:37:07[ INFO ]new netty Server handler  msg = pub/70b77f35-8133-4c0f-b271-c339559a1ced/qwe
2020-05-21 11:37:07[ INFO ]send data to amqp -> rabbitmq   with null ssl
2020-05-21 11:37:07[ INFO ]address:/192.168.1.174:55006
2020-05-21 11:37:07[ INFO ]NettyServerBusinessHandler
2020-05-21 11:37:07[ INFO ]new netty Server handler  msg = 70b77f35-8133-4c0f-b271-c339559a1ced
2020-05-21 11:37:07[ INFO ]address:/192.168.1.174:55006
2020-05-21 11:37:07[ INFO ]NettyServerBusinessHandler
2020-05-21 11:37:07[ INFO ]new netty Server handler  msg = pub/70b77f35-8133-4c0f-b271-c339559a1ced/qwe
2020-05-21 11:37:07[ INFO ]send data to amqp -> rabbitmq   with null ssl
2020-05-21 11:37:07[ INFO ]address:/192.168.1.174:55006
2020-05-21 11:37:07[ INFO ]NettyServerBusinessHandler
2020-05-21 11:37:07[ INFO ]new netty Server handler  msg = 70b77f35-8133-4c0f-b271-c339559a1ced
2020-05-21 11:37:07[ INFO ]address:/192.168.1.174:55006
2020-05-21 11:37:07[ INFO ]NettyServerBusinessHandler
2020-05-21 11:37:07[ INFO ]new netty Server handler  msg = pub/70b77f35-8133-4c0f-b271-c339559a1ced/qwe
2020-05-21 11:37:07[ INFO ]send data to amqp -> rabbitmq   with null ssl
2020-05-21 11:37:07[ INFO ]address:/192.168.1.174:55006
2020-05-21 11:37:07[ INFO ]NettyServerBusinessHandler
2020-05-21 11:37:07[ INFO ]new netty Server handler  msg = 70b77f35-8133-4c0f-b271-c339559a1ced
2020-05-21 11:37:07[ INFO ]address:/192.168.1.174:55006
2020-05-21 11:37:07[ INFO ]NettyServerBusinessHandler
2020-05-21 11:37:07[ INFO ]new netty Server handler  msg = pub/70b77f35-8133-4c0f-b271-c339559a1ced/qwe
2020-05-21 11:37:07[ INFO ]send data to amqp -> rabbitmq   with null ssl
2020-05-21 11:37:07[ INFO ]address:/192.168.1.174:55006
2020-05-21 11:37:07[ INFO ]NettyServerBusinessHandler
2020-05-21 11:37:07[ INFO ]new netty Server handler  msg = 70b77f35-8133-4c0f-b271-c339559a1ced
2020-05-21 11:37:07[ INFO ]address:/192.168.1.174:55006
2020-05-21 11:37:07[ INFO ]NettyServerBusinessHandler
2020-05-21 11:37:07[ INFO ]new netty Server handler  msg = pub/70b77f35-8133-4c0f-b271-c339559a1ced/qwe
2020-05-21 11:37:07[ INFO ]send data to amqp -> rabbitmq   with null ssl
2020-05-21 11:37:14[ DEBUG ]Got ping response for sessionid: 0x10000007c4c0000 after 2ms
2020-05-21 11:37:24[ DEBUG ]Got ping response for sessionid: 0x10000007c4c0000 after 2ms
2020-05-21 11:37:30[ INFO ]address:/192.168.1.174:55006
2020-05-21 11:37:30[ INFO ]NettyServerBusinessHandler
2020-05-21 11:37:30[ INFO ]new netty Server handler  msg = 70b77f35-8133-4c0f-b271-c339559a1ced
2020-05-21 11:37:30[ INFO ]address:/192.168.1.174:55006
2020-05-21 11:37:30[ INFO ]NettyServerBusinessHandler
2020-05-21 11:37:30[ INFO ]new netty Server handler  msg = pub/70b77f35-8133-4c0f-b271-c339559a1ced/qwe
2020-05-21 11:37:30[ INFO ]send data to amqp -> rabbitmq   with null ssl
2020-05-21 11:37:30[ INFO ]address:/192.168.1.174:55006
2020-05-21 11:37:30[ INFO ]NettyServerBusinessHandler
2020-05-21 11:37:30[ INFO ]new netty Server handler  msg = 70b77f35-8133-4c0f-b271-c339559a1ced
2020-05-21 11:37:30[ INFO ]address:/192.168.1.174:55006
2020-05-21 11:37:30[ INFO ]NettyServerBusinessHandler
2020-05-21 11:37:30[ INFO ]new netty Server handler  msg = pub/70b77f35-8133-4c0f-b271-c339559a1ced/qwe
2020-05-21 11:37:30[ INFO ]send data to amqp -> rabbitmq   with null ssl
2020-05-21 11:37:31[ INFO ]address:/192.168.1.174:55006
2020-05-21 11:37:31[ INFO ]NettyServerBusinessHandler
2020-05-21 11:37:31[ INFO ]new netty Server handler  msg = 70b77f35-8133-4c0f-b271-c339559a1ced
2020-05-21 11:37:31[ INFO ]address:/192.168.1.174:55006
2020-05-21 11:37:31[ INFO ]NettyServerBusinessHandler
2020-05-21 11:37:31[ INFO ]new netty Server handler  msg = pub/70b77f35-8133-4c0f-b271-c339559a1ced/qwe
2020-05-21 11:37:31[ INFO ]send data to amqp -> rabbitmq   with null ssl
2020-05-21 11:37:31[ INFO ]address:/192.168.1.174:55006
2020-05-21 11:37:31[ INFO ]NettyServerBusinessHandler
2020-05-21 11:37:31[ INFO ]new netty Server handler  msg = 70b77f35-8133-4c0f-b271-c339559a1ced
2020-05-21 11:37:31[ INFO ]address:/192.168.1.174:55006
2020-05-21 11:37:31[ INFO ]NettyServerBusinessHandler
2020-05-21 11:37:31[ INFO ]new netty Server handler  msg = pub/70b77f35-8133-4c0f-b271-c339559a1ced/qwe
2020-05-21 11:37:31[ INFO ]send data to amqp -> rabbitmq   with null ssl
2020-05-21 11:37:31[ INFO ]address:/192.168.1.174:55006
2020-05-21 11:37:31[ INFO ]NettyServerBusinessHandler
2020-05-21 11:37:31[ INFO ]new netty Server handler  msg = 70b77f35-8133-4c0f-b271-c339559a1ced
2020-05-21 11:37:31[ INFO ]address:/192.168.1.174:55006
2020-05-21 11:37:31[ INFO ]NettyServerBusinessHandler
2020-05-21 11:37:31[ INFO ]new netty Server handler  msg = pub/70b77f35-8133-4c0f-b271-c339559a1ced/qwe
2020-05-21 11:37:31[ INFO ]send data to amqp -> rabbitmq   with null ssl
2020-05-21 11:37:31[ INFO ]address:/192.168.1.174:55006
2020-05-21 11:37:31[ INFO ]NettyServerBusinessHandler
2020-05-21 11:37:31[ INFO ]new netty Server handler  msg = 70b77f35-8133-4c0f-b271-c339559a1ced
2020-05-21 11:37:31[ INFO ]address:/192.168.1.174:55006
2020-05-21 11:37:31[ INFO ]NettyServerBusinessHandler
2020-05-21 11:37:31[ INFO ]new netty Server handler  msg = pub/70b77f35-8133-4c0f-b271-c339559a1ced/qwe
2020-05-21 11:37:31[ INFO ]send data to amqp -> rabbitmq   with null ssl
2020-05-21 11:37:31[ INFO ]address:/192.168.1.174:55006
2020-05-21 11:37:31[ INFO ]NettyServerBusinessHandler
2020-05-21 11:37:31[ INFO ]new netty Server handler  msg = 70b77f35-8133-4c0f-b271-c339559a1ced
2020-05-21 11:37:31[ INFO ]address:/192.168.1.174:55006
2020-05-21 11:37:31[ INFO ]NettyServerBusinessHandler
2020-05-21 11:37:31[ INFO ]new netty Server handler  msg = pub/70b77f35-8133-4c0f-b271-c339559a1ced/qwe
2020-05-21 11:37:31[ INFO ]send data to amqp -> rabbitmq   with null ssl
2020-05-21 11:37:34[ DEBUG ]Got ping response for sessionid: 0x10000007c4c0000 after 3ms
2020-05-21 11:37:44[ DEBUG ]Got ping response for sessionid: 0x10000007c4c0000 after 2ms
2020-05-21 11:37:54[ DEBUG ]Got ping response for sessionid: 0x10000007c4c0000 after 2ms
2020-05-21 11:38:04[ DEBUG ]Got ping response for sessionid: 0x10000007c4c0000 after 2ms
2020-05-21 11:38:14[ DEBUG ]Got ping response for sessionid: 0x10000007c4c0000 after 2ms
2020-05-21 11:38:24[ DEBUG ]Got ping response for sessionid: 0x10000007c4c0000 after 2ms
2020-05-21 11:38:34[ DEBUG ]Got ping response for sessionid: 0x10000007c4c0000 after 2ms
2020-05-21 11:38:44[ DEBUG ]Got ping response for sessionid: 0x10000007c4c0000 after 2ms
2020-05-21 11:38:54[ DEBUG ]Got ping response for sessionid: 0x10000007c4c0000 after 1ms
2020-05-21 11:39:04[ DEBUG ]Got ping response for sessionid: 0x10000007c4c0000 after 2ms
2020-05-21 11:39:14[ DEBUG ]Got ping response for sessionid: 0x10000007c4c0000 after 2ms
2020-05-21 11:39:24[ DEBUG ]Got ping response for sessionid: 0x10000007c4c0000 after 1ms
2020-05-21 11:39:34[ DEBUG ]Got ping response for sessionid: 0x10000007c4c0000 after 2ms
2020-05-21 11:39:44[ DEBUG ]Got ping response for sessionid: 0x10000007c4c0000 after 2ms
2020-05-21 11:39:54[ DEBUG ]Got ping response for sessionid: 0x10000007c4c0000 after 2ms
2020-05-21 11:40:04[ DEBUG ]Got ping response for sessionid: 0x10000007c4c0000 after 2ms
2020-05-21 11:40:14[ DEBUG ]Got ping response for sessionid: 0x10000007c4c0000 after 2ms
2020-05-21 11:40:24[ DEBUG ]Got ping response for sessionid: 0x10000007c4c0000 after 2ms
2020-05-21 11:40:34[ DEBUG ]Got ping response for sessionid: 0x10000007c4c0000 after 1ms
2020-05-21 11:40:44[ DEBUG ]Got ping response for sessionid: 0x10000007c4c0000 after 3ms
2020-05-21 11:40:54[ DEBUG ]Got ping response for sessionid: 0x10000007c4c0000 after 2ms
2020-05-21 11:41:04[ DEBUG ]Got ping response for sessionid: 0x10000007c4c0000 after 2ms
2020-05-21 11:41:14[ DEBUG ]Got ping response for sessionid: 0x10000007c4c0000 after 2ms
2020-05-21 11:41:24[ DEBUG ]Got ping response for sessionid: 0x10000007c4c0000 after 2ms
2020-05-21 11:41:34[ DEBUG ]Got ping response for sessionid: 0x10000007c4c0000 after 1ms
2020-05-21 11:41:44[ DEBUG ]Got ping response for sessionid: 0x10000007c4c0000 after 2ms
2020-05-21 11:41:54[ DEBUG ]Got ping response for sessionid: 0x10000007c4c0000 after 2ms
2020-05-21 11:42:04[ DEBUG ]Got ping response for sessionid: 0x10000007c4c0000 after 1ms
2020-05-21 11:42:14[ DEBUG ]Got ping response for sessionid: 0x10000007c4c0000 after 2ms
2020-05-21 11:42:24[ DEBUG ]Got ping response for sessionid: 0x10000007c4c0000 after 3ms
2020-05-21 11:42:34[ DEBUG ]Got ping response for sessionid: 0x10000007c4c0000 after 2ms
2020-05-21 11:42:44[ DEBUG ]Got ping response for sessionid: 0x10000007c4c0000 after 1ms
2020-05-21 11:42:54[ DEBUG ]Got ping response for sessionid: 0x10000007c4c0000 after 2ms
2020-05-21 11:42:55[ WARN ]An exceptionCaught() event was fired, and it reached at the tail of the pipeline. It usually means the last handler in the pipeline did not handle the exception.
java.io.IOException: 远程主机强迫关闭了一个现有的连接。
	at sun.nio.ch.SocketDispatcher.read0(Native Method)
	at sun.nio.ch.SocketDispatcher.read(SocketDispatcher.java:43)
	at sun.nio.ch.IOUtil.readIntoNativeBuffer(IOUtil.java:223)
	at sun.nio.ch.IOUtil.read(IOUtil.java:192)
	at sun.nio.ch.SocketChannelImpl.read(SocketChannelImpl.java:380)
	at io.netty.buffer.PooledByteBuf.setBytes(PooledByteBuf.java:253)
	at io.netty.buffer.AbstractByteBuf.writeBytes(AbstractByteBuf.java:1133)
	at io.netty.channel.socket.nio.NioSocketChannel.doReadBytes(NioSocketChannel.java:350)
	at io.netty.channel.nio.AbstractNioByteChannel$NioByteUnsafe.read(AbstractNioByteChannel.java:148)
	at io.netty.channel.nio.NioEventLoop.processSelectedKey(NioEventLoop.java:714)
	at io.netty.channel.nio.NioEventLoop.processSelectedKeysOptimized(NioEventLoop.java:650)
	at io.netty.channel.nio.NioEventLoop.processSelectedKeys(NioEventLoop.java:576)
	at io.netty.channel.nio.NioEventLoop.run(NioEventLoop.java:493)
	at io.netty.util.concurrent.SingleThreadEventExecutor$4.run(SingleThreadEventExecutor.java:989)
	at io.netty.util.internal.ThreadExecutorMap$2.run(ThreadExecutorMap.java:74)
	at java.lang.Thread.run(Thread.java:748)
2020-05-21 11:43:04[ DEBUG ]Got ping response for sessionid: 0x10000007c4c0000 after 1ms
2020-05-21 11:43:14[ DEBUG ]Got ping response for sessionid: 0x10000007c4c0000 after 1ms
2020-05-21 11:43:24[ DEBUG ]Got ping response for sessionid: 0x10000007c4c0000 after 3ms
2020-05-21 11:43:34[ DEBUG ]Got ping response for sessionid: 0x10000007c4c0000 after 2ms
2020-05-21 11:43:44[ DEBUG ]Got ping response for sessionid: 0x10000007c4c0000 after 2ms
2020-05-21 11:43:54[ DEBUG ]Got ping response for sessionid: 0x10000007c4c0000 after 2ms
2020-05-21 11:44:04[ DEBUG ]Got ping response for sessionid: 0x10000007c4c0000 after 2ms
2020-05-21 11:44:14[ DEBUG ]Got ping response for sessionid: 0x10000007c4c0000 after 1ms
2020-05-21 11:44:24[ DEBUG ]Got ping response for sessionid: 0x10000007c4c0000 after 3ms
2020-05-21 11:44:34[ DEBUG ]Got ping response for sessionid: 0x10000007c4c0000 after 1ms
2020-05-21 11:44:44[ DEBUG ]Got ping response for sessionid: 0x10000007c4c0000 after 2ms
2020-05-21 11:44:54[ DEBUG ]Got ping response for sessionid: 0x10000007c4c0000 after 2ms
2020-05-21 11:45:04[ DEBUG ]Got ping response for sessionid: 0x10000007c4c0000 after 1ms
2020-05-21 11:45:14[ DEBUG ]Got ping response for sessionid: 0x10000007c4c0000 after 1ms
2020-05-21 11:45:24[ DEBUG ]Got ping response for sessionid: 0x10000007c4c0000 after 2ms
2020-05-21 11:45:34[ DEBUG ]Got ping response for sessionid: 0x10000007c4c0000 after 2ms
2020-05-21 11:45:44[ DEBUG ]Got ping response for sessionid: 0x10000007c4c0000 after 3ms
2020-05-21 11:45:54[ DEBUG ]Got ping response for sessionid: 0x10000007c4c0000 after 1ms
2020-05-21 11:46:04[ DEBUG ]Got ping response for sessionid: 0x10000007c4c0000 after 1ms
2020-05-21 11:46:14[ DEBUG ]Got ping response for sessionid: 0x10000007c4c0000 after 1ms
2020-05-21 11:46:24[ DEBUG ]Got ping response for sessionid: 0x10000007c4c0000 after 2ms
2020-05-21 11:46:34[ DEBUG ]Got ping response for sessionid: 0x10000007c4c0000 after 2ms
2020-05-21 11:46:44[ DEBUG ]Got ping response for sessionid: 0x10000007c4c0000 after 2ms
2020-05-21 11:46:54[ DEBUG ]Got ping response for sessionid: 0x10000007c4c0000 after 2ms
2020-05-21 11:47:04[ DEBUG ]Got ping response for sessionid: 0x10000007c4c0000 after 1ms
2020-05-21 11:47:14[ DEBUG ]Got ping response for sessionid: 0x10000007c4c0000 after 2ms
2020-05-21 11:47:24[ DEBUG ]Got ping response for sessionid: 0x10000007c4c0000 after 1ms
2020-05-21 11:47:34[ DEBUG ]Got ping response for sessionid: 0x10000007c4c0000 after 1ms
2020-05-21 11:47:44[ DEBUG ]Got ping response for sessionid: 0x10000007c4c0000 after 1ms
2020-05-21 11:47:54[ DEBUG ]Got ping response for sessionid: 0x10000007c4c0000 after 2ms
2020-05-21 11:48:04[ DEBUG ]Got ping response for sessionid: 0x10000007c4c0000 after 1ms
2020-05-21 11:48:14[ DEBUG ]Got ping response for sessionid: 0x10000007c4c0000 after 2ms
2020-05-21 11:48:24[ DEBUG ]Got ping response for sessionid: 0x10000007c4c0000 after 1ms
2020-05-21 11:48:34[ DEBUG ]Got ping response for sessionid: 0x10000007c4c0000 after 1ms
2020-05-21 11:48:44[ DEBUG ]Got ping response for sessionid: 0x10000007c4c0000 after 2ms
2020-05-21 11:48:54[ DEBUG ]Got ping response for sessionid: 0x10000007c4c0000 after 2ms
2020-05-21 11:49:04[ DEBUG ]Got ping response for sessionid: 0x10000007c4c0000 after 2ms
2020-05-21 11:49:14[ DEBUG ]Got ping response for sessionid: 0x10000007c4c0000 after 1ms
2020-05-21 11:49:24[ DEBUG ]Got ping response for sessionid: 0x10000007c4c0000 after 2ms
2020-05-21 11:49:34[ DEBUG ]Got ping response for sessionid: 0x10000007c4c0000 after 1ms
2020-05-21 11:49:44[ DEBUG ]Got ping response for sessionid: 0x10000007c4c0000 after 2ms
2020-05-21 11:49:54[ DEBUG ]Got ping response for sessionid: 0x10000007c4c0000 after 2ms
2020-05-21 11:50:04[ DEBUG ]Got ping response for sessionid: 0x10000007c4c0000 after 1ms
2020-05-21 11:50:14[ DEBUG ]Got ping response for sessionid: 0x10000007c4c0000 after 5ms
2020-05-21 11:50:24[ DEBUG ]Got ping response for sessionid: 0x10000007c4c0000 after 1ms
2020-05-21 11:50:34[ DEBUG ]Got ping response for sessionid: 0x10000007c4c0000 after 2ms
2020-05-21 11:50:44[ DEBUG ]Got ping response for sessionid: 0x10000007c4c0000 after 1ms
2020-05-21 11:50:54[ DEBUG ]Got ping response for sessionid: 0x10000007c4c0000 after 3ms
2020-05-21 11:51:04[ DEBUG ]Got ping response for sessionid: 0x10000007c4c0000 after 2ms
2020-05-21 11:51:14[ DEBUG ]Got ping response for sessionid: 0x10000007c4c0000 after 1ms
2020-05-21 11:51:24[ DEBUG ]Got ping response for sessionid: 0x10000007c4c0000 after 1ms
2020-05-21 11:51:34[ DEBUG ]Got ping response for sessionid: 0x10000007c4c0000 after 1ms
2020-05-21 11:51:44[ DEBUG ]Got ping response for sessionid: 0x10000007c4c0000 after 2ms
2020-05-21 11:51:54[ DEBUG ]Got ping response for sessionid: 0x10000007c4c0000 after 1ms
2020-05-21 11:52:04[ DEBUG ]Got ping response for sessionid: 0x10000007c4c0000 after 2ms
2020-05-21 11:52:14[ DEBUG ]Got ping response for sessionid: 0x10000007c4c0000 after 2ms
2020-05-21 11:52:24[ DEBUG ]Got ping response for sessionid: 0x10000007c4c0000 after 1ms
2020-05-21 11:52:34[ DEBUG ]Got ping response for sessionid: 0x10000007c4c0000 after 1ms
2020-05-21 11:52:44[ DEBUG ]Got ping response for sessionid: 0x10000007c4c0000 after 1ms
2020-05-21 11:52:54[ DEBUG ]Got ping response for sessionid: 0x10000007c4c0000 after 2ms
2020-05-21 11:53:04[ DEBUG ]Got ping response for sessionid: 0x10000007c4c0000 after 2ms
2020-05-21 11:53:14[ DEBUG ]Got ping response for sessionid: 0x10000007c4c0000 after 4ms
2020-05-21 11:53:24[ DEBUG ]Got ping response for sessionid: 0x10000007c4c0000 after 2ms
2020-05-21 11:53:34[ DEBUG ]Got ping response for sessionid: 0x10000007c4c0000 after 1ms
2020-05-21 11:53:44[ DEBUG ]Got ping response for sessionid: 0x10000007c4c0000 after 1ms
2020-05-21 11:53:54[ DEBUG ]Got ping response for sessionid: 0x10000007c4c0000 after 2ms
2020-05-21 11:54:04[ DEBUG ]Got ping response for sessionid: 0x10000007c4c0000 after 1ms
2020-05-21 11:54:14[ DEBUG ]Got ping response for sessionid: 0x10000007c4c0000 after 3ms
2020-05-21 11:54:24[ DEBUG ]Got ping response for sessionid: 0x10000007c4c0000 after 2ms
2020-05-21 11:54:34[ DEBUG ]Got ping response for sessionid: 0x10000007c4c0000 after 2ms
2020-05-21 11:54:44[ DEBUG ]Got ping response for sessionid: 0x10000007c4c0000 after 2ms
2020-05-21 11:54:54[ DEBUG ]Got ping response for sessionid: 0x10000007c4c0000 after 2ms
2020-05-21 11:55:04[ DEBUG ]Got ping response for sessionid: 0x10000007c4c0000 after 2ms
2020-05-21 11:55:14[ DEBUG ]Got ping response for sessionid: 0x10000007c4c0000 after 2ms
2020-05-21 11:55:24[ DEBUG ]Got ping response for sessionid: 0x10000007c4c0000 after 2ms
2020-05-21 11:55:34[ DEBUG ]Got ping response for sessionid: 0x10000007c4c0000 after 2ms
2020-05-21 11:55:44[ DEBUG ]Got ping response for sessionid: 0x10000007c4c0000 after 1ms
2020-05-21 11:55:54[ DEBUG ]Got ping response for sessionid: 0x10000007c4c0000 after 2ms
2020-05-21 11:56:04[ DEBUG ]Got ping response for sessionid: 0x10000007c4c0000 after 1ms
2020-05-21 11:56:14[ DEBUG ]Got ping response for sessionid: 0x10000007c4c0000 after 1ms
2020-05-21 11:56:24[ DEBUG ]Got ping response for sessionid: 0x10000007c4c0000 after 1ms
2020-05-21 11:56:34[ DEBUG ]Got ping response for sessionid: 0x10000007c4c0000 after 2ms
2020-05-21 11:56:44[ DEBUG ]Got ping response for sessionid: 0x10000007c4c0000 after 3ms
2020-05-21 11:56:54[ DEBUG ]Got ping response for sessionid: 0x10000007c4c0000 after 2ms
2020-05-21 11:57:04[ DEBUG ]Got ping response for sessionid: 0x10000007c4c0000 after 1ms
2020-05-21 11:57:14[ DEBUG ]Got ping response for sessionid: 0x10000007c4c0000 after 2ms
2020-05-21 11:57:24[ DEBUG ]Got ping response for sessionid: 0x10000007c4c0000 after 2ms
2020-05-21 11:57:34[ DEBUG ]Got ping response for sessionid: 0x10000007c4c0000 after 2ms
2020-05-21 11:57:44[ DEBUG ]Got ping response for sessionid: 0x10000007c4c0000 after 8ms
2020-05-21 11:57:54[ DEBUG ]Got ping response for sessionid: 0x10000007c4c0000 after 2ms
2020-05-21 11:58:04[ DEBUG ]Got ping response for sessionid: 0x10000007c4c0000 after 2ms
2020-05-21 11:58:14[ DEBUG ]Got ping response for sessionid: 0x10000007c4c0000 after 1ms
2020-05-21 11:58:24[ DEBUG ]Got ping response for sessionid: 0x10000007c4c0000 after 1ms
2020-05-21 11:58:34[ DEBUG ]Got ping response for sessionid: 0x10000007c4c0000 after 2ms
2020-05-21 11:58:44[ DEBUG ]Got ping response for sessionid: 0x10000007c4c0000 after 2ms
2020-05-21 11:58:54[ DEBUG ]Got ping response for sessionid: 0x10000007c4c0000 after 2ms
2020-05-21 11:59:04[ DEBUG ]Got ping response for sessionid: 0x10000007c4c0000 after 1ms
2020-05-21 11:59:14[ DEBUG ]Got ping response for sessionid: 0x10000007c4c0000 after 2ms
2020-05-21 11:59:24[ DEBUG ]Got ping response for sessionid: 0x10000007c4c0000 after 1ms
2020-05-21 11:59:34[ DEBUG ]Got ping response for sessionid: 0x10000007c4c0000 after 2ms
2020-05-21 11:59:44[ DEBUG ]Got ping response for sessionid: 0x10000007c4c0000 after 3ms
2020-05-21 11:59:54[ DEBUG ]Got ping response for sessionid: 0x10000007c4c0000 after 2ms
2020-05-21 12:00:04[ DEBUG ]Got ping response for sessionid: 0x10000007c4c0000 after 1ms
2020-05-21 12:00:14[ DEBUG ]Got ping response for sessionid: 0x10000007c4c0000 after 2ms
2020-05-21 12:00:24[ DEBUG ]Got ping response for sessionid: 0x10000007c4c0000 after 1ms
2020-05-21 12:00:34[ DEBUG ]Got ping response for sessionid: 0x10000007c4c0000 after 1ms
2020-05-21 12:00:44[ DEBUG ]Got ping response for sessionid: 0x10000007c4c0000 after 2ms
2020-05-21 12:00:54[ DEBUG ]Got ping response for sessionid: 0x10000007c4c0000 after 2ms
2020-05-21 12:01:04[ DEBUG ]Got ping response for sessionid: 0x10000007c4c0000 after 2ms
2020-05-21 12:01:14[ DEBUG ]Got ping response for sessionid: 0x10000007c4c0000 after 2ms
2020-05-21 12:01:24[ DEBUG ]Got ping response for sessionid: 0x10000007c4c0000 after 2ms
2020-05-21 12:01:34[ DEBUG ]Got ping response for sessionid: 0x10000007c4c0000 after 1ms
2020-05-21 12:01:44[ DEBUG ]Got ping response for sessionid: 0x10000007c4c0000 after 1ms
2020-05-21 12:01:54[ DEBUG ]Got ping response for sessionid: 0x10000007c4c0000 after 1ms
2020-05-21 12:02:04[ DEBUG ]Got ping response for sessionid: 0x10000007c4c0000 after 3ms
2020-05-21 12:02:14[ DEBUG ]Got ping response for sessionid: 0x10000007c4c0000 after 2ms
2020-05-21 12:02:24[ DEBUG ]Got ping response for sessionid: 0x10000007c4c0000 after 1ms
2020-05-21 12:02:34[ DEBUG ]Got ping response for sessionid: 0x10000007c4c0000 after 1ms
2020-05-21 12:02:44[ DEBUG ]Got ping response for sessionid: 0x10000007c4c0000 after 1ms
2020-05-21 12:02:54[ DEBUG ]Got ping response for sessionid: 0x10000007c4c0000 after 2ms
2020-05-21 12:03:04[ DEBUG ]Got ping response for sessionid: 0x10000007c4c0000 after 2ms
2020-05-21 12:03:14[ DEBUG ]Got ping response for sessionid: 0x10000007c4c0000 after 2ms
2020-05-21 12:03:24[ DEBUG ]Got ping response for sessionid: 0x10000007c4c0000 after 1ms
2020-05-21 12:03:34[ DEBUG ]Got ping response for sessionid: 0x10000007c4c0000 after 1ms
2020-05-21 12:03:44[ DEBUG ]Got ping response for sessionid: 0x10000007c4c0000 after 2ms
2020-05-21 12:03:54[ DEBUG ]Got ping response for sessionid: 0x10000007c4c0000 after 1ms
2020-05-21 12:04:04[ DEBUG ]Got ping response for sessionid: 0x10000007c4c0000 after 1ms
2020-05-21 12:04:14[ DEBUG ]Got ping response for sessionid: 0x10000007c4c0000 after 2ms
2020-05-21 12:04:24[ DEBUG ]Got ping response for sessionid: 0x10000007c4c0000 after 1ms
2020-05-21 12:04:34[ DEBUG ]Got ping response for sessionid: 0x10000007c4c0000 after 1ms
2020-05-21 12:04:44[ DEBUG ]Got ping response for sessionid: 0x10000007c4c0000 after 1ms
2020-05-21 12:04:54[ DEBUG ]Got ping response for sessionid: 0x10000007c4c0000 after 1ms
2020-05-21 12:05:04[ DEBUG ]Got ping response for sessionid: 0x10000007c4c0000 after 1ms
2020-05-21 12:05:14[ DEBUG ]Got ping response for sessionid: 0x10000007c4c0000 after 1ms
2020-05-21 12:05:24[ DEBUG ]Got ping response for sessionid: 0x10000007c4c0000 after 2ms
2020-05-21 12:05:34[ DEBUG ]Got ping response for sessionid: 0x10000007c4c0000 after 1ms
2020-05-21 12:05:44[ DEBUG ]Got ping response for sessionid: 0x10000007c4c0000 after 2ms
2020-05-21 12:05:54[ DEBUG ]Got ping response for sessionid: 0x10000007c4c0000 after 1ms
2020-05-21 12:06:04[ DEBUG ]Got ping response for sessionid: 0x10000007c4c0000 after 1ms
2020-05-21 12:06:14[ DEBUG ]Got ping response for sessionid: 0x10000007c4c0000 after 1ms
2020-05-21 12:06:24[ DEBUG ]Got ping response for sessionid: 0x10000007c4c0000 after 2ms
2020-05-21 12:06:34[ DEBUG ]Got ping response for sessionid: 0x10000007c4c0000 after 2ms
2020-05-21 12:06:44[ DEBUG ]Got ping response for sessionid: 0x10000007c4c0000 after 1ms
2020-05-21 12:06:54[ DEBUG ]Got ping response for sessionid: 0x10000007c4c0000 after 2ms
2020-05-21 12:07:04[ DEBUG ]Got ping response for sessionid: 0x10000007c4c0000 after 1ms
2020-05-21 12:07:14[ DEBUG ]Got ping response for sessionid: 0x10000007c4c0000 after 2ms
2020-05-21 12:07:24[ DEBUG ]Got ping response for sessionid: 0x10000007c4c0000 after 1ms
2020-05-21 12:07:34[ DEBUG ]Got ping response for sessionid: 0x10000007c4c0000 after 2ms
2020-05-21 12:07:44[ DEBUG ]Got ping response for sessionid: 0x10000007c4c0000 after 2ms
2020-05-21 12:07:54[ DEBUG ]Got ping response for sessionid: 0x10000007c4c0000 after 1ms
2020-05-21 12:08:04[ DEBUG ]Got ping response for sessionid: 0x10000007c4c0000 after 1ms
2020-05-21 12:08:14[ DEBUG ]Got ping response for sessionid: 0x10000007c4c0000 after 1ms
2020-05-21 12:08:24[ DEBUG ]Got ping response for sessionid: 0x10000007c4c0000 after 2ms
2020-05-21 12:08:34[ DEBUG ]Got ping response for sessionid: 0x10000007c4c0000 after 2ms
2020-05-21 12:08:44[ DEBUG ]Got ping response for sessionid: 0x10000007c4c0000 after 1ms
2020-05-21 12:08:54[ DEBUG ]Got ping response for sessionid: 0x10000007c4c0000 after 1ms
2020-05-21 12:09:04[ DEBUG ]Got ping response for sessionid: 0x10000007c4c0000 after 1ms
2020-05-21 12:09:14[ DEBUG ]Got ping response for sessionid: 0x10000007c4c0000 after 2ms
2020-05-21 12:09:24[ DEBUG ]Got ping response for sessionid: 0x10000007c4c0000 after 1ms
2020-05-21 12:09:34[ DEBUG ]Got ping response for sessionid: 0x10000007c4c0000 after 2ms
2020-05-21 12:09:44[ DEBUG ]Got ping response for sessionid: 0x10000007c4c0000 after 2ms
2020-05-21 12:09:54[ DEBUG ]Got ping response for sessionid: 0x10000007c4c0000 after 1ms
2020-05-21 12:10:04[ DEBUG ]Got ping response for sessionid: 0x10000007c4c0000 after 2ms
2020-05-21 12:10:14[ DEBUG ]Got ping response for sessionid: 0x10000007c4c0000 after 1ms
2020-05-21 12:10:24[ DEBUG ]Got ping response for sessionid: 0x10000007c4c0000 after 1ms
2020-05-21 12:10:34[ DEBUG ]Got ping response for sessionid: 0x10000007c4c0000 after 2ms
2020-05-21 12:10:44[ DEBUG ]Got ping response for sessionid: 0x10000007c4c0000 after 1ms
2020-05-21 12:10:54[ DEBUG ]Got ping response for sessionid: 0x10000007c4c0000 after 2ms
2020-05-21 12:11:04[ DEBUG ]Got ping response for sessionid: 0x10000007c4c0000 after 2ms
2020-05-21 12:11:14[ DEBUG ]Got ping response for sessionid: 0x10000007c4c0000 after 1ms
2020-05-21 12:11:24[ DEBUG ]Got ping response for sessionid: 0x10000007c4c0000 after 1ms
2020-05-21 12:11:34[ DEBUG ]Got ping response for sessionid: 0x10000007c4c0000 after 2ms
2020-05-21 12:11:44[ DEBUG ]Got ping response for sessionid: 0x10000007c4c0000 after 2ms
2020-05-21 12:11:54[ DEBUG ]Got ping response for sessionid: 0x10000007c4c0000 after 1ms
2020-05-21 12:12:04[ DEBUG ]Got ping response for sessionid: 0x10000007c4c0000 after 1ms
2020-05-21 12:12:14[ DEBUG ]Got ping response for sessionid: 0x10000007c4c0000 after 1ms
2020-05-21 12:12:24[ DEBUG ]Got ping response for sessionid: 0x10000007c4c0000 after 1ms
2020-05-21 12:12:34[ DEBUG ]Got ping response for sessionid: 0x10000007c4c0000 after 2ms
2020-05-21 12:12:44[ DEBUG ]Got ping response for sessionid: 0x10000007c4c0000 after 1ms
2020-05-21 12:12:54[ DEBUG ]Got ping response for sessionid: 0x10000007c4c0000 after 1ms
2020-05-21 12:13:04[ DEBUG ]Got ping response for sessionid: 0x10000007c4c0000 after 1ms
2020-05-21 12:13:14[ DEBUG ]Got ping response for sessionid: 0x10000007c4c0000 after 2ms
2020-05-21 12:13:24[ DEBUG ]Got ping response for sessionid: 0x10000007c4c0000 after 2ms
2020-05-21 12:13:34[ DEBUG ]Got ping response for sessionid: 0x10000007c4c0000 after 1ms
2020-05-21 12:13:44[ DEBUG ]Got ping response for sessionid: 0x10000007c4c0000 after 1ms
2020-05-21 12:13:54[ DEBUG ]Got ping response for sessionid: 0x10000007c4c0000 after 2ms
2020-05-21 12:14:04[ DEBUG ]Got ping response for sessionid: 0x10000007c4c0000 after 2ms
2020-05-21 12:14:14[ DEBUG ]Got ping response for sessionid: 0x10000007c4c0000 after 2ms
2020-05-21 12:14:24[ DEBUG ]Got ping response for sessionid: 0x10000007c4c0000 after 1ms
2020-05-21 12:14:34[ DEBUG ]Got ping response for sessionid: 0x10000007c4c0000 after 1ms
2020-05-21 12:14:44[ DEBUG ]Got ping response for sessionid: 0x10000007c4c0000 after 1ms
2020-05-21 12:14:54[ DEBUG ]Got ping response for sessionid: 0x10000007c4c0000 after 1ms
2020-05-21 12:15:04[ DEBUG ]Got ping response for sessionid: 0x10000007c4c0000 after 1ms
2020-05-21 12:15:14[ DEBUG ]Got ping response for sessionid: 0x10000007c4c0000 after 1ms
2020-05-21 12:15:24[ DEBUG ]Got ping response for sessionid: 0x10000007c4c0000 after 1ms
2020-05-21 12:15:34[ DEBUG ]Got ping response for sessionid: 0x10000007c4c0000 after 1ms
2020-05-21 12:15:44[ DEBUG ]Got ping response for sessionid: 0x10000007c4c0000 after 1ms
2020-05-21 12:15:54[ DEBUG ]Got ping response for sessionid: 0x10000007c4c0000 after 1ms
2020-05-21 12:16:04[ DEBUG ]Got ping response for sessionid: 0x10000007c4c0000 after 1ms
2020-05-21 12:16:14[ DEBUG ]Got ping response for sessionid: 0x10000007c4c0000 after 2ms
2020-05-21 12:16:24[ DEBUG ]Got ping response for sessionid: 0x10000007c4c0000 after 2ms
2020-05-21 12:16:34[ DEBUG ]Got ping response for sessionid: 0x10000007c4c0000 after 1ms
2020-05-21 12:16:44[ DEBUG ]Got ping response for sessionid: 0x10000007c4c0000 after 1ms
2020-05-21 12:16:54[ DEBUG ]Got ping response for sessionid: 0x10000007c4c0000 after 2ms
2020-05-21 12:17:04[ DEBUG ]Got ping response for sessionid: 0x10000007c4c0000 after 1ms
2020-05-21 12:17:14[ DEBUG ]Got ping response for sessionid: 0x10000007c4c0000 after 1ms
2020-05-21 12:17:24[ DEBUG ]Got ping response for sessionid: 0x10000007c4c0000 after 1ms
2020-05-21 12:17:34[ DEBUG ]Got ping response for sessionid: 0x10000007c4c0000 after 1ms
2020-05-21 12:17:44[ DEBUG ]Got ping response for sessionid: 0x10000007c4c0000 after 1ms
2020-05-21 12:17:54[ DEBUG ]Got ping response for sessionid: 0x10000007c4c0000 after 1ms
2020-05-21 12:18:04[ DEBUG ]Got ping response for sessionid: 0x10000007c4c0000 after 1ms
2020-05-21 12:18:14[ DEBUG ]Got ping response for sessionid: 0x10000007c4c0000 after 2ms
2020-05-21 12:18:24[ DEBUG ]Got ping response for sessionid: 0x10000007c4c0000 after 2ms
2020-05-21 12:18:34[ DEBUG ]Got ping response for sessionid: 0x10000007c4c0000 after 2ms
2020-05-21 12:18:44[ DEBUG ]Got ping response for sessionid: 0x10000007c4c0000 after 1ms
2020-05-21 12:18:54[ DEBUG ]Got ping response for sessionid: 0x10000007c4c0000 after 2ms
2020-05-21 12:19:04[ DEBUG ]Got ping response for sessionid: 0x10000007c4c0000 after 2ms
2020-05-21 12:19:14[ DEBUG ]Got ping response for sessionid: 0x10000007c4c0000 after 2ms
2020-05-21 12:19:24[ DEBUG ]Got ping response for sessionid: 0x10000007c4c0000 after 3ms
2020-05-21 12:19:34[ DEBUG ]Got ping response for sessionid: 0x10000007c4c0000 after 2ms
2020-05-21 12:19:44[ DEBUG ]Got ping response for sessionid: 0x10000007c4c0000 after 1ms
2020-05-21 12:19:54[ DEBUG ]Got ping response for sessionid: 0x10000007c4c0000 after 1ms
2020-05-21 12:20:04[ DEBUG ]Got ping response for sessionid: 0x10000007c4c0000 after 1ms
2020-05-21 12:20:14[ DEBUG ]Got ping response for sessionid: 0x10000007c4c0000 after 1ms
2020-05-21 12:20:24[ DEBUG ]Got ping response for sessionid: 0x10000007c4c0000 after 2ms
2020-05-21 12:20:34[ DEBUG ]Got ping response for sessionid: 0x10000007c4c0000 after 2ms
2020-05-21 12:20:44[ DEBUG ]Got ping response for sessionid: 0x10000007c4c0000 after 2ms
2020-05-21 12:20:54[ DEBUG ]Got ping response for sessionid: 0x10000007c4c0000 after 2ms
2020-05-21 12:21:04[ DEBUG ]Got ping response for sessionid: 0x10000007c4c0000 after 1ms
2020-05-21 12:21:14[ DEBUG ]Got ping response for sessionid: 0x10000007c4c0000 after 1ms
2020-05-21 12:21:24[ DEBUG ]Got ping response for sessionid: 0x10000007c4c0000 after 1ms
2020-05-21 12:21:34[ DEBUG ]Got ping response for sessionid: 0x10000007c4c0000 after 2ms
2020-05-21 12:21:44[ DEBUG ]Got ping response for sessionid: 0x10000007c4c0000 after 1ms
2020-05-21 12:21:54[ DEBUG ]Got ping response for sessionid: 0x10000007c4c0000 after 1ms
2020-05-21 12:22:04[ DEBUG ]Got ping response for sessionid: 0x10000007c4c0000 after 1ms
2020-05-21 12:22:14[ DEBUG ]Got ping response for sessionid: 0x10000007c4c0000 after 1ms
2020-05-21 12:22:24[ DEBUG ]Got ping response for sessionid: 0x10000007c4c0000 after 1ms
2020-05-21 12:22:34[ DEBUG ]Got ping response for sessionid: 0x10000007c4c0000 after 2ms
2020-05-21 12:22:44[ DEBUG ]Got ping response for sessionid: 0x10000007c4c0000 after 6ms
2020-05-21 12:22:54[ DEBUG ]Got ping response for sessionid: 0x10000007c4c0000 after 2ms
2020-05-21 12:23:04[ DEBUG ]Got ping response for sessionid: 0x10000007c4c0000 after 2ms
2020-05-21 12:23:14[ DEBUG ]Got ping response for sessionid: 0x10000007c4c0000 after 3ms
2020-05-21 12:23:24[ DEBUG ]Got ping response for sessionid: 0x10000007c4c0000 after 3ms
2020-05-21 12:23:34[ DEBUG ]Got ping response for sessionid: 0x10000007c4c0000 after 1ms
2020-05-21 12:23:44[ DEBUG ]Got ping response for sessionid: 0x10000007c4c0000 after 3ms
2020-05-21 12:23:54[ DEBUG ]Got ping response for sessionid: 0x10000007c4c0000 after 4ms
2020-05-21 12:24:04[ DEBUG ]Got ping response for sessionid: 0x10000007c4c0000 after 3ms
2020-05-21 12:24:14[ DEBUG ]Got ping response for sessionid: 0x10000007c4c0000 after 3ms
2020-05-21 12:24:24[ DEBUG ]Got ping response for sessionid: 0x10000007c4c0000 after 3ms
2020-05-21 12:24:34[ DEBUG ]Got ping response for sessionid: 0x10000007c4c0000 after 2ms
2020-05-21 12:24:44[ DEBUG ]Got ping response for sessionid: 0x10000007c4c0000 after 2ms
2020-05-21 12:24:54[ DEBUG ]Got ping response for sessionid: 0x10000007c4c0000 after 3ms
2020-05-21 12:25:04[ DEBUG ]Got ping response for sessionid: 0x10000007c4c0000 after 2ms
2020-05-21 12:25:14[ DEBUG ]Got ping response for sessionid: 0x10000007c4c0000 after 2ms
2020-05-21 12:25:24[ DEBUG ]Got ping response for sessionid: 0x10000007c4c0000 after 1ms
2020-05-21 12:25:34[ DEBUG ]Got ping response for sessionid: 0x10000007c4c0000 after 2ms
2020-05-21 12:25:44[ DEBUG ]Got ping response for sessionid: 0x10000007c4c0000 after 2ms
2020-05-21 12:25:54[ DEBUG ]Got ping response for sessionid: 0x10000007c4c0000 after 2ms
2020-05-21 12:26:04[ DEBUG ]Got ping response for sessionid: 0x10000007c4c0000 after 3ms
2020-05-21 12:26:14[ DEBUG ]Got ping response for sessionid: 0x10000007c4c0000 after 2ms
2020-05-21 12:26:24[ DEBUG ]Got ping response for sessionid: 0x10000007c4c0000 after 2ms
2020-05-21 12:26:34[ DEBUG ]Got ping response for sessionid: 0x10000007c4c0000 after 2ms
2020-05-21 12:26:44[ DEBUG ]Got ping response for sessionid: 0x10000007c4c0000 after 2ms
2020-05-21 12:26:54[ DEBUG ]Got ping response for sessionid: 0x10000007c4c0000 after 2ms
2020-05-21 12:27:04[ DEBUG ]Got ping response for sessionid: 0x10000007c4c0000 after 2ms
2020-05-21 12:27:14[ DEBUG ]Got ping response for sessionid: 0x10000007c4c0000 after 1ms
2020-05-21 12:27:24[ DEBUG ]Got ping response for sessionid: 0x10000007c4c0000 after 1ms
2020-05-21 12:27:34[ DEBUG ]Got ping response for sessionid: 0x10000007c4c0000 after 1ms
2020-05-21 12:27:44[ DEBUG ]Got ping response for sessionid: 0x10000007c4c0000 after 1ms
2020-05-21 12:27:54[ DEBUG ]Got ping response for sessionid: 0x10000007c4c0000 after 1ms
2020-05-21 12:28:04[ DEBUG ]Got ping response for sessionid: 0x10000007c4c0000 after 1ms
2020-05-21 12:28:14[ DEBUG ]Got ping response for sessionid: 0x10000007c4c0000 after 1ms
2020-05-21 12:28:24[ DEBUG ]Got ping response for sessionid: 0x10000007c4c0000 after 1ms
2020-05-21 12:28:34[ DEBUG ]Got ping response for sessionid: 0x10000007c4c0000 after 1ms
2020-05-21 12:28:44[ DEBUG ]Got ping response for sessionid: 0x10000007c4c0000 after 1ms
2020-05-21 12:28:54[ DEBUG ]Got ping response for sessionid: 0x10000007c4c0000 after 2ms
2020-05-21 12:29:04[ DEBUG ]Got ping response for sessionid: 0x10000007c4c0000 after 2ms
2020-05-21 12:29:14[ DEBUG ]Got ping response for sessionid: 0x10000007c4c0000 after 1ms
2020-05-21 12:29:24[ DEBUG ]Got ping response for sessionid: 0x10000007c4c0000 after 2ms
2020-05-21 12:29:34[ DEBUG ]Got ping response for sessionid: 0x10000007c4c0000 after 1ms
2020-05-21 12:29:44[ DEBUG ]Got ping response for sessionid: 0x10000007c4c0000 after 3ms
2020-05-21 12:29:54[ DEBUG ]Got ping response for sessionid: 0x10000007c4c0000 after 3ms
2020-05-21 12:30:04[ DEBUG ]Got ping response for sessionid: 0x10000007c4c0000 after 1ms
2020-05-21 12:30:14[ DEBUG ]Got ping response for sessionid: 0x10000007c4c0000 after 3ms
2020-05-21 12:30:24[ DEBUG ]Got ping response for sessionid: 0x10000007c4c0000 after 2ms
2020-05-21 12:30:34[ DEBUG ]Got ping response for sessionid: 0x10000007c4c0000 after 1ms
2020-05-21 12:30:44[ DEBUG ]Got ping response for sessionid: 0x10000007c4c0000 after 1ms
2020-05-21 12:30:54[ DEBUG ]Got ping response for sessionid: 0x10000007c4c0000 after 1ms
2020-05-21 12:31:04[ DEBUG ]Got ping response for sessionid: 0x10000007c4c0000 after 1ms
2020-05-21 12:31:14[ DEBUG ]Got ping response for sessionid: 0x10000007c4c0000 after 1ms
2020-05-21 12:31:24[ DEBUG ]Got ping response for sessionid: 0x10000007c4c0000 after 2ms
2020-05-21 12:31:34[ DEBUG ]Got ping response for sessionid: 0x10000007c4c0000 after 2ms
2020-05-21 12:31:44[ DEBUG ]Got ping response for sessionid: 0x10000007c4c0000 after 1ms
2020-05-21 12:31:54[ DEBUG ]Got ping response for sessionid: 0x10000007c4c0000 after 1ms
2020-05-21 12:32:04[ DEBUG ]Got ping response for sessionid: 0x10000007c4c0000 after 1ms
2020-05-21 12:32:14[ DEBUG ]Got ping response for sessionid: 0x10000007c4c0000 after 1ms
2020-05-21 12:32:24[ DEBUG ]Got ping response for sessionid: 0x10000007c4c0000 after 1ms
2020-05-21 12:32:34[ DEBUG ]Got ping response for sessionid: 0x10000007c4c0000 after 1ms
2020-05-21 12:32:44[ DEBUG ]Got ping response for sessionid: 0x10000007c4c0000 after 1ms
2020-05-21 12:32:54[ DEBUG ]Got ping response for sessionid: 0x10000007c4c0000 after 3ms
2020-05-21 12:33:04[ DEBUG ]Got ping response for sessionid: 0x10000007c4c0000 after 1ms
2020-05-21 12:33:14[ DEBUG ]Got ping response for sessionid: 0x10000007c4c0000 after 1ms
2020-05-21 12:33:24[ DEBUG ]Got ping response for sessionid: 0x10000007c4c0000 after 0ms
2020-05-21 12:33:34[ DEBUG ]Got ping response for sessionid: 0x10000007c4c0000 after 1ms
2020-05-21 12:33:44[ DEBUG ]Got ping response for sessionid: 0x10000007c4c0000 after 1ms
2020-05-21 12:33:54[ DEBUG ]Got ping response for sessionid: 0x10000007c4c0000 after 7ms
2020-05-21 12:34:04[ DEBUG ]Got ping response for sessionid: 0x10000007c4c0000 after 1ms
2020-05-21 12:34:14[ DEBUG ]Got ping response for sessionid: 0x10000007c4c0000 after 1ms
2020-05-21 12:34:24[ DEBUG ]Got ping response for sessionid: 0x10000007c4c0000 after 4ms
2020-05-21 12:34:34[ DEBUG ]Got ping response for sessionid: 0x10000007c4c0000 after 1ms
2020-05-21 12:34:44[ DEBUG ]Got ping response for sessionid: 0x10000007c4c0000 after 1ms
2020-05-21 12:34:54[ DEBUG ]Got ping response for sessionid: 0x10000007c4c0000 after 2ms
2020-05-21 12:35:04[ DEBUG ]Got ping response for sessionid: 0x10000007c4c0000 after 2ms
2020-05-21 12:35:14[ DEBUG ]Got ping response for sessionid: 0x10000007c4c0000 after 1ms
2020-05-21 12:35:24[ DEBUG ]Got ping response for sessionid: 0x10000007c4c0000 after 1ms
2020-05-21 12:35:34[ DEBUG ]Got ping response for sessionid: 0x10000007c4c0000 after 1ms
2020-05-21 12:35:44[ DEBUG ]Got ping response for sessionid: 0x10000007c4c0000 after 1ms
2020-05-21 12:35:54[ DEBUG ]Got ping response for sessionid: 0x10000007c4c0000 after 1ms
2020-05-21 12:36:04[ DEBUG ]Got ping response for sessionid: 0x10000007c4c0000 after 1ms
2020-05-21 12:36:14[ DEBUG ]Got ping response for sessionid: 0x10000007c4c0000 after 1ms
2020-05-21 12:36:24[ DEBUG ]Got ping response for sessionid: 0x10000007c4c0000 after 1ms
2020-05-21 12:36:34[ DEBUG ]Got ping response for sessionid: 0x10000007c4c0000 after 1ms
2020-05-21 12:36:44[ DEBUG ]Got ping response for sessionid: 0x10000007c4c0000 after 1ms
2020-05-21 12:36:54[ DEBUG ]Got ping response for sessionid: 0x10000007c4c0000 after 2ms
2020-05-21 12:37:04[ DEBUG ]Got ping response for sessionid: 0x10000007c4c0000 after 1ms
2020-05-21 12:37:14[ DEBUG ]Got ping response for sessionid: 0x10000007c4c0000 after 1ms
2020-05-21 12:37:24[ DEBUG ]Got ping response for sessionid: 0x10000007c4c0000 after 1ms
2020-05-21 12:37:34[ DEBUG ]Got ping response for sessionid: 0x10000007c4c0000 after 2ms
2020-05-21 12:37:44[ DEBUG ]Got ping response for sessionid: 0x10000007c4c0000 after 1ms
2020-05-21 12:37:54[ DEBUG ]Got ping response for sessionid: 0x10000007c4c0000 after 1ms
2020-05-21 12:38:04[ DEBUG ]Got ping response for sessionid: 0x10000007c4c0000 after 1ms
2020-05-21 12:38:14[ DEBUG ]Got ping response for sessionid: 0x10000007c4c0000 after 1ms
2020-05-21 12:38:24[ DEBUG ]Got ping response for sessionid: 0x10000007c4c0000 after 1ms
2020-05-21 12:38:34[ DEBUG ]Got ping response for sessionid: 0x10000007c4c0000 after 0ms
2020-05-21 12:38:44[ DEBUG ]Got ping response for sessionid: 0x10000007c4c0000 after 1ms
2020-05-21 12:38:54[ DEBUG ]Got ping response for sessionid: 0x10000007c4c0000 after 1ms
2020-05-21 12:39:04[ DEBUG ]Got ping response for sessionid: 0x10000007c4c0000 after 1ms
2020-05-21 12:39:14[ DEBUG ]Got ping response for sessionid: 0x10000007c4c0000 after 1ms
2020-05-21 12:39:24[ DEBUG ]Got ping response for sessionid: 0x10000007c4c0000 after 1ms
2020-05-21 12:39:34[ DEBUG ]Got ping response for sessionid: 0x10000007c4c0000 after 1ms
2020-05-21 12:39:44[ DEBUG ]Got ping response for sessionid: 0x10000007c4c0000 after 1ms
2020-05-21 12:39:54[ DEBUG ]Got ping response for sessionid: 0x10000007c4c0000 after 1ms
2020-05-21 12:40:04[ DEBUG ]Got ping response for sessionid: 0x10000007c4c0000 after 1ms
2020-05-21 12:40:14[ DEBUG ]Got ping response for sessionid: 0x10000007c4c0000 after 1ms
2020-05-21 12:40:24[ DEBUG ]Got ping response for sessionid: 0x10000007c4c0000 after 1ms
2020-05-21 12:40:34[ DEBUG ]Got ping response for sessionid: 0x10000007c4c0000 after 1ms
2020-05-21 12:40:44[ DEBUG ]Got ping response for sessionid: 0x10000007c4c0000 after 1ms
2020-05-21 12:40:54[ DEBUG ]Got ping response for sessionid: 0x10000007c4c0000 after 1ms
2020-05-21 12:41:04[ DEBUG ]Got ping response for sessionid: 0x10000007c4c0000 after 1ms
2020-05-21 12:41:14[ DEBUG ]Got ping response for sessionid: 0x10000007c4c0000 after 1ms
2020-05-21 12:41:24[ DEBUG ]Got ping response for sessionid: 0x10000007c4c0000 after 1ms
2020-05-21 12:41:34[ DEBUG ]Got ping response for sessionid: 0x10000007c4c0000 after 1ms
2020-05-21 12:41:44[ DEBUG ]Got ping response for sessionid: 0x10000007c4c0000 after 1ms
2020-05-21 12:41:54[ DEBUG ]Got ping response for sessionid: 0x10000007c4c0000 after 1ms
2020-05-21 12:42:04[ DEBUG ]Got ping response for sessionid: 0x10000007c4c0000 after 1ms
2020-05-21 12:42:14[ DEBUG ]Got ping response for sessionid: 0x10000007c4c0000 after 2ms
2020-05-21 12:42:24[ DEBUG ]Got ping response for sessionid: 0x10000007c4c0000 after 3ms
2020-05-21 12:42:34[ DEBUG ]Got ping response for sessionid: 0x10000007c4c0000 after 1ms
2020-05-21 12:42:44[ DEBUG ]Got ping response for sessionid: 0x10000007c4c0000 after 1ms
